<?xml version="1.0" encoding="UTF-8"?>
<testsuites name="jest tests" tests="3" failures="0" time="3.902">
  <testsuite name="AppComponent" errors="0" failures="0" skipped="0" timestamp="2020-01-09T22:29:50" time="3.083" tests="3">
    <testcase classname="AppComponent should create the app" name="AppComponent should create the app" time="0.138">
    </testcase>
    <testcase classname="AppComponent should have as title &apos;ng-demo&apos;" name="AppComponent should have as title &apos;ng-demo&apos;" time="0.071">
    </testcase>
    <testcase classname="AppComponent should render title" name="AppComponent should render title" time="0.065">
    </testcase>
  </testsuite>
</testsuites>